[0m14:58:54.446034 [debug] [MainThread]: Sending event: {'category': 'dbt', 'action': 'invocation', 'label': 'start', 'context': [<snowplow_tracker.self_describing_json.SelfDescribingJson object at 0x000001BC1A2C9C90>, <snowplow_tracker.self_describing_json.SelfDescribingJson object at 0x000001BC1D4BFC10>, <snowplow_tracker.self_describing_json.SelfDescribingJson object at 0x000001BC1D4BF9D0>]}


============================== 14:58:54.508934 | e2127760-d0c6-41ac-93c0-dd69fa24184f ==============================
[0m14:58:54.508934 [info ] [MainThread]: Running with dbt=1.7.8
[0m14:58:54.508934 [debug] [MainThread]: running dbt with arguments {'printer_width': '80', 'indirect_selection': 'eager', 'log_cache_events': 'False', 'write_json': 'True', 'partial_parse': 'True', 'cache_selected_only': 'False', 'warn_error': 'None', 'debug': 'False', 'version_check': 'True', 'log_path': 'logs', 'fail_fast': 'False', 'profiles_dir': 'C:\\Users\\fmant\\.dbt', 'use_colors': 'True', 'use_experimental_parser': 'False', 'no_print': 'None', 'quiet': 'False', 'log_format': 'default', 'introspect': 'True', 'static_parser': 'True', 'warn_error_options': 'WarnErrorOptions(include=[], exclude=[])', 'target_path': 'None', 'invocation_command': 'dbt init dbttest', 'send_anonymous_usage_stats': 'True'}
[0m14:58:54.555793 [warn ] [MainThread]: [ConfigFolderDirectory]: Unable to parse dict {'dir': WindowsPath('C:/Users/fmant/.dbt')}
[0m14:58:54.555793 [info ] [MainThread]: Creating dbt configuration folder at 
[0m14:58:54.555793 [debug] [MainThread]: Starter project path: C:\Users\fmant\Documents\Projects\dbt-test\.venv\lib\site-packages\dbt\include\starter_project
[0m14:58:54.633526 [info ] [MainThread]: 
Your new dbt project "dbttest" was created!

For more information on how to configure the profiles.yml file,
please consult the dbt documentation here:

  https://docs.getdbt.com/docs/configure-your-profile

One more thing:

Need help? Don't hesitate to reach out to us via GitHub issues or on Slack:

  https://community.getdbt.com/

Happy modeling!

[0m14:58:54.633526 [info ] [MainThread]: Setting up your profile.
[0m15:01:02.181690 [info ] [MainThread]: Profile dbttest written to C:\Users\fmant\.dbt\profiles.yml using target's profile_template.yml and your supplied values. Run 'dbt debug' to validate the connection.
[0m15:01:02.181690 [debug] [MainThread]: Command `dbt init` succeeded at 15:01:02.181690 after 127.75 seconds
[0m15:01:02.181690 [debug] [MainThread]: Sending event: {'category': 'dbt', 'action': 'invocation', 'label': 'end', 'context': [<snowplow_tracker.self_describing_json.SelfDescribingJson object at 0x000001BC1A2C9C90>, <snowplow_tracker.self_describing_json.SelfDescribingJson object at 0x000001BC16274DF0>, <snowplow_tracker.self_describing_json.SelfDescribingJson object at 0x000001BC1D5907F0>]}
[0m15:01:02.181690 [debug] [MainThread]: Flushing usage events
[0m15:02:20.122677 [debug] [MainThread]: Sending event: {'category': 'dbt', 'action': 'invocation', 'label': 'start', 'context': [<snowplow_tracker.self_describing_json.SelfDescribingJson object at 0x0000024103FB9ED0>, <snowplow_tracker.self_describing_json.SelfDescribingJson object at 0x00000241071E22C0>, <snowplow_tracker.self_describing_json.SelfDescribingJson object at 0x00000241071E34F0>]}


============================== 15:02:20.138300 | 023d1559-b46f-4f9f-8790-775c38c5f7c9 ==============================
[0m15:02:20.138300 [info ] [MainThread]: Running with dbt=1.7.8
[0m15:02:20.138300 [debug] [MainThread]: running dbt with arguments {'printer_width': '80', 'indirect_selection': 'eager', 'write_json': 'True', 'log_cache_events': 'False', 'partial_parse': 'True', 'cache_selected_only': 'False', 'profiles_dir': 'C:\\Users\\fmant\\.dbt', 'fail_fast': 'False', 'version_check': 'True', 'log_path': 'logs', 'debug': 'False', 'warn_error': 'None', 'use_colors': 'True', 'use_experimental_parser': 'False', 'no_print': 'None', 'quiet': 'False', 'warn_error_options': 'WarnErrorOptions(include=[], exclude=[])', 'static_parser': 'True', 'invocation_command': 'dbt debug', 'introspect': 'True', 'target_path': 'None', 'log_format': 'default', 'send_anonymous_usage_stats': 'True'}
[0m15:02:20.138300 [info ] [MainThread]: dbt version: 1.7.8
[0m15:02:20.138300 [info ] [MainThread]: python version: 3.10.6
[0m15:02:20.138300 [info ] [MainThread]: python path: C:\Users\fmant\Documents\Projects\dbt-test\.venv\Scripts\python.exe
[0m15:02:20.138300 [info ] [MainThread]: os info: Windows-10-10.0.22631-SP0
[0m15:02:20.292526 [info ] [MainThread]: Using profiles dir at C:\Users\fmant\.dbt
[0m15:02:20.292526 [info ] [MainThread]: Using profiles.yml file at C:\Users\fmant\.dbt\profiles.yml
[0m15:02:20.292526 [info ] [MainThread]: Using dbt_project.yml file at C:\Users\fmant\Documents\Projects\dbt-test\dbt_project.yml
[0m15:02:20.308163 [info ] [MainThread]: adapter type: postgres
[0m15:02:20.308163 [info ] [MainThread]: adapter version: 1.7.8
[0m15:02:20.311856 [info ] [MainThread]: Configuration:
[0m15:02:20.311856 [info ] [MainThread]:   profiles.yml file [[32mOK found and valid[0m]
[0m15:02:20.311856 [info ] [MainThread]:   dbt_project.yml file [[31mERROR not found[0m]
[0m15:02:20.311856 [info ] [MainThread]: Required dependencies:
[0m15:02:20.311856 [debug] [MainThread]: Executing "git --help"
[0m15:02:20.363901 [debug] [MainThread]: STDOUT: "b"usage: git [-v | --version] [-h | --help] [-C <path>] [-c <name>=<value>]\n           [--exec-path[=<path>]] [--html-path] [--man-path] [--info-path]\n           [-p | --paginate | -P | --no-pager] [--no-replace-objects] [--bare]\n           [--git-dir=<path>] [--work-tree=<path>] [--namespace=<name>]\n           [--super-prefix=<path>] [--config-env=<name>=<envvar>]\n           <command> [<args>]\n\nThese are common Git commands used in various situations:\n\nstart a working area (see also: git help tutorial)\n   clone     Clone a repository into a new directory\n   init      Create an empty Git repository or reinitialize an existing one\n\nwork on the current change (see also: git help everyday)\n   add       Add file contents to the index\n   mv        Move or rename a file, a directory, or a symlink\n   restore   Restore working tree files\n   rm        Remove files from the working tree and from the index\n\nexamine the history and state (see also: git help revisions)\n   bisect    Use binary search to find the commit that introduced a bug\n   diff      Show changes between commits, commit and working tree, etc\n   grep      Print lines matching a pattern\n   log       Show commit logs\n   show      Show various types of objects\n   status    Show the working tree status\n\ngrow, mark and tweak your common history\n   branch    List, create, or delete branches\n   commit    Record changes to the repository\n   merge     Join two or more development histories together\n   rebase    Reapply commits on top of another base tip\n   reset     Reset current HEAD to the specified state\n   switch    Switch branches\n   tag       Create, list, delete or verify a tag object signed with GPG\n\ncollaborate (see also: git help workflows)\n   fetch     Download objects and refs from another repository\n   pull      Fetch from and integrate with another repository or a local branch\n   push      Update remote refs along with associated objects\n\n'git help -a' and 'git help -g' list available subcommands and some\nconcept guides. See 'git help <command>' or 'git help <concept>'\nto read about a specific subcommand or concept.\nSee 'git help git' for an overview of the system.\n""
[0m15:02:20.363901 [debug] [MainThread]: STDERR: "b''"
[0m15:02:20.363901 [info ] [MainThread]:  - git [[32mOK found[0m]

[0m15:02:20.363901 [info ] [MainThread]: Connection:
[0m15:02:20.363901 [info ] [MainThread]:   host: localhost
[0m15:02:20.363901 [info ] [MainThread]:   port: 1000
[0m15:02:20.363901 [info ] [MainThread]:   user: user
[0m15:02:20.377423 [info ] [MainThread]:   database: testdb
[0m15:02:20.377423 [info ] [MainThread]:   schema: dev
[0m15:02:20.377423 [info ] [MainThread]:   connect_timeout: 10
[0m15:02:20.380334 [info ] [MainThread]:   role: None
[0m15:02:20.380334 [info ] [MainThread]:   search_path: None
[0m15:02:20.380334 [info ] [MainThread]:   keepalives_idle: 0
[0m15:02:20.380334 [info ] [MainThread]:   sslmode: None
[0m15:02:20.380334 [info ] [MainThread]:   sslcert: None
[0m15:02:20.380334 [info ] [MainThread]:   sslkey: None
[0m15:02:20.380334 [info ] [MainThread]:   sslrootcert: None
[0m15:02:20.380334 [info ] [MainThread]:   application_name: dbt
[0m15:02:20.380334 [info ] [MainThread]:   retries: 1
[0m15:02:20.380334 [info ] [MainThread]: Registered adapter: postgres=1.7.8
[0m15:02:20.380334 [debug] [MainThread]: Acquiring new postgres connection 'debug'
[0m15:02:20.380334 [debug] [MainThread]: Using postgres connection "debug"
[0m15:02:20.392866 [debug] [MainThread]: On debug: select 1 as id
[0m15:02:20.392866 [debug] [MainThread]: Opening a new connection, currently in state init
[0m15:02:24.468548 [debug] [MainThread]: Postgres adapter: Got a retryable error when attempting to open a postgres connection.
1 attempts remaining. Retrying in 0 seconds.
Error:
connection to server at "localhost" (::1), port 1000 failed: Connection refused (0x0000274D/10061)
	Is the server running on that host and accepting TCP/IP connections?
connection to server at "localhost" (127.0.0.1), port 1000 failed: Connection refused (0x0000274D/10061)
	Is the server running on that host and accepting TCP/IP connections?

[0m15:02:28.520771 [debug] [MainThread]: Postgres adapter: Error running SQL: select 1 as id
[0m15:02:28.520771 [debug] [MainThread]: Postgres adapter: Rolling back transaction.
[0m15:02:28.520771 [debug] [MainThread]: On debug: No close available on handle
[0m15:02:28.520771 [info ] [MainThread]:   Connection test: [[31mERROR[0m]

[0m15:02:28.520771 [info ] [MainThread]: [31m2 checks failed:[0m
[0m15:02:28.520771 [info ] [MainThread]: Project loading failed for the following reason:
 project path <C:\Users\fmant\Documents\Projects\dbt-test\dbt_project.yml> not found

[0m15:02:28.520771 [info ] [MainThread]: dbt was unable to connect to the specified database.
The database returned the following error:

  >Database Error
  connection to server at "localhost" (::1), port 1000 failed: Connection refused (0x0000274D/10061)
  	Is the server running on that host and accepting TCP/IP connections?
  connection to server at "localhost" (127.0.0.1), port 1000 failed: Connection refused (0x0000274D/10061)
  	Is the server running on that host and accepting TCP/IP connections?
  

Check your database credentials and try again. For more information, visit:
https://docs.getdbt.com/docs/configure-your-profile


[0m15:02:28.533072 [debug] [MainThread]: Command `dbt debug` failed at 15:02:28.533072 after 8.48 seconds
[0m15:02:28.534693 [debug] [MainThread]: Connection 'debug' was properly closed.
[0m15:02:28.534693 [debug] [MainThread]: Sending event: {'category': 'dbt', 'action': 'invocation', 'label': 'end', 'context': [<snowplow_tracker.self_describing_json.SelfDescribingJson object at 0x0000024103FB9ED0>, <snowplow_tracker.self_describing_json.SelfDescribingJson object at 0x0000024106279D50>, <snowplow_tracker.self_describing_json.SelfDescribingJson object at 0x0000024107339A80>]}
[0m15:02:28.534693 [debug] [MainThread]: Flushing usage events
